
--- ATTEMPTING CREATE --- User: famer5
Data: <QueryDict: {'catalog': ['3'], 'price_per_kg': ['55'], 'quantity_available': ['900'], 'farm': ['7'], 'quality_grade': ['HIGH'], 'image': [<InMemoryUploadedFile: potatoos.jfif (image/jpeg)>]}>
Validated Data: {'farm': <Farm: farm7 (Tizi Ouzou)>, 'catalog': <ProductCatalog: Potato>, 'price_per_kg': Decimal('55.00'), 'quantity_available': 900.0, 'quality_grade': 'HIGH', 'image': <InMemoryUploadedFile: potatoos.jfif (image/jpeg)>}
Validating price: 55.00 for catalog: Potato
Validation passed. Saving...
Save successful.

--- ATTEMPTING ORDER UPDATE --- User: buyer3
Data: {'rating': 4, 'rating_comment': 'goood orange'}
Updating order #30. Current Status: DELIVERED. User Role: BUYER

--- ATTEMPTING ORDER UPDATE --- User: buyer3
Data: {'status': 'CANCELLED'}
Updating order #61. Current Status: PENDING. User Role: BUYER
New Status: CANCELLED
Notification creation failed: cannot access local variable 'Notification' where it is not associated with a value
Farmer notification failed: cannot access local variable 'Notification' where it is not associated with a value

--- ATTEMPTING ORDER UPDATE --- User: famer5
Data: {'status': 'ACCEPTED'}
Updating order #62. Current Status: PENDING. User Role: FARMER
New Status: ACCEPTED
User is farmer and owns product. Proceeding...
Notification creation failed: cannot access local variable 'Notification' where it is not associated with a value

--- ATTEMPTING ORDER UPDATE --- User: famer5
Data: {'status': 'ACCEPTED'}
Updating order #63. Current Status: PENDING. User Role: FARMER
New Status: ACCEPTED
User is farmer and owns product. Proceeding...
Notification creation failed: cannot access local variable 'Notification' where it is not associated with a value
